0 info it worked if it ends with ok
1 verbose cli [ '/Users/yuxitong/.nvm/versions/node/v6.3.1/bin/node',
1 verbose cli   '/Users/yuxitong/.nvm/versions/node/v6.3.1/bin/npm',
1 verbose cli   'publish' ]
2 info using npm@3.10.3
3 info using node@v6.3.1
4 verbose publish [ '.' ]
5 silly cache add args [ '.', null ]
6 verbose cache add spec .
7 silly cache add parsed spec Result {
7 silly cache add   raw: '.',
7 silly cache add   scope: null,
7 silly cache add   escapedName: null,
7 silly cache add   name: null,
7 silly cache add   rawSpec: '.',
7 silly cache add   spec: '/Users/yuxitong/github/jsonp-promise',
7 silly cache add   type: 'directory' }
8 verbose addLocalDirectory /Users/yuxitong/.npm/jsonp-promise/0.0.1/package.tgz not in flight; packing
9 verbose correctMkdir /Users/yuxitong/.npm correctMkdir not in flight; initializing
10 info lifecycle jsonp-promise@0.0.1~prepublish: jsonp-promise@0.0.1
11 silly lifecycle jsonp-promise@0.0.1~prepublish: no script for prepublish, continuing
12 verbose tar pack [ '/Users/yuxitong/.npm/jsonp-promise/0.0.1/package.tgz',
12 verbose tar pack   '/Users/yuxitong/github/jsonp-promise' ]
13 verbose tarball /Users/yuxitong/.npm/jsonp-promise/0.0.1/package.tgz
14 verbose folder /Users/yuxitong/github/jsonp-promise
15 verbose addLocalTarball adding from inside cache /Users/yuxitong/.npm/jsonp-promise/0.0.1/package.tgz
16 verbose correctMkdir /Users/yuxitong/.npm correctMkdir not in flight; initializing
17 silly cache afterAdd jsonp-promise@0.0.1
18 verbose afterAdd /Users/yuxitong/.npm/jsonp-promise/0.0.1/package/package.json not in flight; writing
19 verbose correctMkdir /Users/yuxitong/.npm correctMkdir not in flight; initializing
20 verbose afterAdd /Users/yuxitong/.npm/jsonp-promise/0.0.1/package/package.json written
21 silly publish { name: 'jsonp-promise',
21 silly publish   version: '0.0.1',
21 silly publish   description: 'A jsonp method return a Promise Object. It can be use in Vue.js',
21 silly publish   main: 'jsonp.js',
21 silly publish   scripts: { test: 'echo "Error: no test specified" && exit 1' },
21 silly publish   repository:
21 silly publish    { type: 'git',
21 silly publish      url: 'git+https://github.com/AlvinYuXT/jsonp-promise.git' },
21 silly publish   keywords: [ 'jsonp', 'Vue', 'Promise' ],
21 silly publish   author: { name: 'alvinYuXT' },
21 silly publish   license: 'MIT',
21 silly publish   bugs: { url: 'https://github.com/AlvinYuXT/jsonp-promise/issues' },
21 silly publish   homepage: 'https://github.com/AlvinYuXT/jsonp-promise#readme',
21 silly publish   readme: '### install\n```\nnpm install jsonp-promise\n```\n\n### Useage\n```\nimport jsonp from jsonp-promise\n\nconst url = \'http://xxx.com\'\n\njsonp(url,{method: \'encode\'},{jsonp: \'callback\', callback: \'render\'}).then(res=>{console.log(res)})\n```\nAbove code will fetch http://xxx.com?method=encode&callback=render\n\n### Parameters\n  1. url  The base url such as: \'http:www.google.com\'\n  2. params  location.search\n  3. options ',
21 silly publish   readmeFilename: 'README.md',
21 silly publish   gitHead: '04fbd8d8c7040c6c6a88a4d94f7ae76da1c3815b',
21 silly publish   _id: 'jsonp-promise@0.0.1',
21 silly publish   _shasum: 'b374d0116e948e34c397be1a7327cda6fce3d409',
21 silly publish   _from: '.' }
22 verbose getPublishConfig undefined
23 silly mapToRegistry name jsonp-promise
24 silly mapToRegistry using default registry
25 silly mapToRegistry registry https://registry.npm.taobao.org/
26 silly mapToRegistry data Result {
26 silly mapToRegistry   raw: 'jsonp-promise',
26 silly mapToRegistry   scope: null,
26 silly mapToRegistry   escapedName: 'jsonp-promise',
26 silly mapToRegistry   name: 'jsonp-promise',
26 silly mapToRegistry   rawSpec: '',
26 silly mapToRegistry   spec: 'latest',
26 silly mapToRegistry   type: 'tag' }
27 silly mapToRegistry uri https://registry.npm.taobao.org/jsonp-promise
28 verbose publish registryBase https://registry.npm.taobao.org/
29 silly publish uploading /Users/yuxitong/.npm/jsonp-promise/0.0.1/package.tgz
30 verbose request uri https://registry.npm.taobao.org/jsonp-promise
31 verbose request sending authorization for write operation
32 info attempt registry request try #1 at 17:19:21
33 verbose request id 8da17a8c5f139016
34 http request PUT https://registry.npm.taobao.org/jsonp-promise
35 http 403 https://registry.npm.taobao.org/jsonp-promise
36 verbose headers { date: 'Tue, 10 Jan 2017 09:19:22 GMT',
36 verbose headers   'content-type': 'application/json; charset=utf-8',
36 verbose headers   'content-length': '87',
36 verbose headers   connection: 'keep-alive',
36 verbose headers   'x-current-requests': '1',
36 verbose headers   'x-readtime': '7' }
37 verbose request invalidating /Users/yuxitong/.npm/registry.npm.taobao.org/jsonp-promise on PUT
38 error publish Failed PUT 403
39 verbose stack Error: no_perms Private mode enable, only admin can publish this module: jsonp-promise
39 verbose stack     at makeError (/Users/yuxitong/.nvm/versions/node/v6.3.1/lib/node_modules/npm/node_modules/npm-registry-client/lib/request.js:264:12)
39 verbose stack     at CachingRegistryClient.<anonymous> (/Users/yuxitong/.nvm/versions/node/v6.3.1/lib/node_modules/npm/node_modules/npm-registry-client/lib/request.js:252:14)
39 verbose stack     at Request._callback (/Users/yuxitong/.nvm/versions/node/v6.3.1/lib/node_modules/npm/node_modules/npm-registry-client/lib/request.js:172:14)
39 verbose stack     at Request.self.callback (/Users/yuxitong/.nvm/versions/node/v6.3.1/lib/node_modules/npm/node_modules/request/request.js:200:22)
39 verbose stack     at emitTwo (events.js:106:13)
39 verbose stack     at Request.emit (events.js:191:7)
39 verbose stack     at Request.<anonymous> (/Users/yuxitong/.nvm/versions/node/v6.3.1/lib/node_modules/npm/node_modules/request/request.js:1067:10)
39 verbose stack     at emitOne (events.js:101:20)
39 verbose stack     at Request.emit (events.js:188:7)
39 verbose stack     at IncomingMessage.<anonymous> (/Users/yuxitong/.nvm/versions/node/v6.3.1/lib/node_modules/npm/node_modules/request/request.js:988:12)
40 verbose statusCode 403
41 verbose pkgid jsonp-promise
42 verbose cwd /Users/yuxitong/github/jsonp-promise
43 error Darwin 16.1.0
44 error argv "/Users/yuxitong/.nvm/versions/node/v6.3.1/bin/node" "/Users/yuxitong/.nvm/versions/node/v6.3.1/bin/npm" "publish"
45 error node v6.3.1
46 error npm  v3.10.3
47 error code E403
48 error no_perms Private mode enable, only admin can publish this module: jsonp-promise
49 error If you need help, you may report this error at:
49 error     <https://github.com/npm/npm/issues>
50 verbose exit [ 1, true ]
